<?xml version="1.0" encoding="UTF-8"?>
<!-- Generated by org.testng.reporters.JUnitXMLReporter -->
<testsuite ignored="0" hostname="DESKTOP-P2BVMSV" failures="0" tests="4" name="LoginTest" time="88.307" errors="0" timestamp="2024-05-11T23:41:47 BDT">
  <testcase classname="test.LoginTest" name="LoginwithInvalid2" time="13.648"/>
  <testcase classname="test.LoginTest" name="LoginwithInvalid2" time="11.129"/>
  <testcase classname="test.LoginTest" name="LoginwithInvalid2" time="11.084"/>
  <testcase classname="test.LoginTest" name="LoginwithInvalid2" time="37.681"/>
</testsuite> <!-- LoginTest -->
