<?xml version="1.0" encoding="UTF-8"?>
<!-- Generated by org.testng.reporters.JUnitXMLReporter -->
<testsuite ignored="2" hostname="DESKTOP-P2BVMSV" failures="0" tests="4" name="Test" time="113.833" errors="0" timestamp="2024-05-11T15:18:48 BDT">
  <testcase classname="test.LoginTest" name="LoginwithInvalid2" time="16.283"/>
  <testcase classname="test.LoginTest" name="LoginwithInvalid2" time="10.663"/>
  <testcase classname="test.LoginTest" name="LoginwithInvalid2" time="51.567"/>
  <testcase classname="test.DashboardTest" name="Dashboard" time="18.827"/>
  <testcase classname="drivers.BaseDriver" name="@AfterSuite close" time="0.0">
    <ignored/>
  </testcase> <!-- @AfterSuite close -->
  <testcase classname="drivers.BaseDriver" name="@BeforeSuite start" time="0.0">
    <ignored/>
  </testcase> <!-- @BeforeSuite start -->
</testsuite> <!-- Test -->
