<?xml version="1.0" encoding="UTF-8"?>
<testng-results ignored="0" total="3" passed="3" failed="0" skipped="0">
  <reporter-output>
  </reporter-output>
  <suite started-at="2024-05-11T15:49:03 BDT" name="Suite" finished-at="2024-05-11T15:50:52 BDT" duration-ms="109494">
    <groups>
    </groups>
    <test started-at="2024-05-11T15:49:03 BDT" name="LoginTest" finished-at="2024-05-11T15:49:51 BDT" duration-ms="48334">
      <class name="test.LoginTest">
        <test-method is-config="true" signature="openUrl()[pri:0, instance:test.LoginTest@10e31a9a]" started-at="2024-05-11T15:49:03 BDT" name="openUrl" finished-at="2024-05-11T15:49:11 BDT" duration-ms="8645" status="PASS">
          <reporter-output>
          </reporter-output>
        </test-method> <!-- openUrl -->
        <test-method signature="LoginwithInvalid2(java.lang.String,java.lang.String)[pri:1, instance:test.LoginTest@10e31a9a]" started-at="2024-05-11T15:49:11 BDT" name="LoginwithInvalid2" data-provider="invaliddata" finished-at="2024-05-11T15:49:23 BDT" duration-ms="11341" status="PASS">
          <params>
            <param index="0">
              <value>
                <![CDATA[01988812708]]>
              </value>
            </param>
            <param index="1">
              <value>
                <![CDATA[pass34]]>
              </value>
            </param>
          </params>
          <reporter-output>
          </reporter-output>
        </test-method> <!-- LoginwithInvalid2 -->
        <test-method signature="LoginwithInvalid2(java.lang.String,java.lang.String)[pri:1, instance:test.LoginTest@10e31a9a]" started-at="2024-05-11T15:49:23 BDT" name="LoginwithInvalid2" data-provider="invaliddata" finished-at="2024-05-11T15:49:51 BDT" duration-ms="28301" status="PASS">
          <params>
            <param index="0">
              <value>
                <![CDATA[01644417057]]>
              </value>
            </param>
            <param index="1">
              <value>
                <![CDATA[saima34]]>
              </value>
            </param>
          </params>
          <reporter-output>
          </reporter-output>
        </test-method> <!-- LoginwithInvalid2 -->
      </class> <!-- test.LoginTest -->
    </test> <!-- LoginTest -->
    <test started-at="2024-05-11T15:49:51 BDT" name="DashTest" finished-at="2024-05-11T15:50:52 BDT" duration-ms="61146">
      <class name="test.DashboardTest">
        <test-method is-config="true" signature="start()[pri:0, instance:test.DashboardTest@368f2016]" started-at="2024-05-11T15:48:59 BDT" name="start" finished-at="2024-05-11T15:49:03 BDT" duration-ms="3569" status="PASS">
          <reporter-output>
          </reporter-output>
        </test-method> <!-- start -->
        <test-method signature="Dashboard()[pri:2, instance:test.DashboardTest@368f2016]" started-at="2024-05-11T15:49:51 BDT" name="Dashboard" finished-at="2024-05-11T15:50:52 BDT" duration-ms="61142" status="PASS">
          <reporter-output>
          </reporter-output>
        </test-method> <!-- Dashboard -->
        <test-method is-config="true" signature="close()[pri:0, instance:test.DashboardTest@368f2016]" started-at="2024-05-11T15:50:52 BDT" name="close" finished-at="2024-05-11T15:50:52 BDT" duration-ms="214" status="PASS">
          <reporter-output>
          </reporter-output>
        </test-method> <!-- close -->
      </class> <!-- test.DashboardTest -->
    </test> <!-- DashTest -->
  </suite> <!-- Suite -->
</testng-results>
